
Movies ordered by Time Watched
movie4 - 10
movie2 - 10
movie6 - 10
movie4 - 100
 movie4 - 100
movie6 - 60
 movie6 - 60
movie2 - 100
 movie2 - 100
movie8 - 80
movie8 - 80
 movie8 - 80
movie7 - 90
movie7 - 90
 movie7 - 90
The Magnificent Seven - 126
The Magnificent Seven - 126
The Magnificent Seven - 126
movie3 - 127
movie3 - 127
 movie3 - 127
movie5 - 167
movie5 - 167
 movie5 - 167

Movies ordered by Average Percentage
movie4 - 7.0%
movie2 - 8.0%
movie6 - 13.0%
movie4 - 73.0%
 movie4 - 73.0%
movie6 - 78.0%
 movie6 - 78.0%
movie2 - 79.0%
 movie2 - 79.0%
movie8 - 92.0%
movie8 - 92.0%
 movie8 - 92.0%
movie7 - 93.0%
movie7 - 93.0%
 movie7 - 93.0%
The Magnificent Seven - 95.0%
The Magnificent Seven - 95.0%
The Magnificent Seven - 95.0%
movie3 - 100.0%
movie3 - 100.0%
 movie3 - 100.0%
movie5 - 100.0%
movie5 - 100.0%
 movie5 - 100.0%
